Arguments: 
  C:\Program Files\nodejs\node.exe C:\Program Files\nodejs\node_modules\yarn\bin\yarn.js add tuniao-ui

PATH: 
  C:\Program Files (x86)\Common Files\Oracle\Java\javapath;C:\Windows\system32;C:\Windows;C:\Windows\System32\Wbem;C:\Windows\System32\WindowsPowerShell\v1.0\;C:\Windows\System32\OpenSSH\;D:\nvm;C:\Program Files\nodejs;D:\Nodejs\;D:\Git\cmd;D:\jre1.8.0_311\bin;C:\Program Files\Docker\Docker\resources\bin;C:\Program Files (x86)\税务证书应用客户端;C:\Program Files\dotnet\;C:\Program Files\TortoiseGit\bin;D:\TortoiseSVN\bin;D:\微信web开发者工具\dll;C:\Users\Administrator\AppData\Local\Microsoft\WindowsApps;C:\Users\Administrator\AppData\Roaming\npm;D:\nvm;C:\Program Files\nodejs;E:\Fiddler;D:\Microsoft VS Code\bin

Yarn version: 
  1.22.19

Node version: 
  14.21.3

Platform: 
  win32 x64

Trace: 
  Error: https://registry.npmmirror.com/tuniao-ui: Not found
      at Request.params.callback [as _callback] (D:\nvm\v14.21.3\node_modules\yarn\lib\cli.js:66145:18)
      at Request.self.callback (D:\nvm\v14.21.3\node_modules\yarn\lib\cli.js:140890:22)
      at Request.emit (events.js:400:28)
      at Request.<anonymous> (D:\nvm\v14.21.3\node_modules\yarn\lib\cli.js:141862:10)
      at Request.emit (events.js:400:28)
      at IncomingMessage.<anonymous> (D:\nvm\v14.21.3\node_modules\yarn\lib\cli.js:141784:12)
      at Object.onceWrapper (events.js:519:28)
      at IncomingMessage.emit (events.js:412:35)
      at endReadableNT (internal/streams/readable.js:1333:12)
      at processTicksAndRejections (internal/process/task_queues.js:82:21)

npm manifest: 
  No manifest

yarn manifest: 
  No manifest

Lockfile: 
  No lockfile
